<?xml version="1.0" encoding="UTF-8"?>
<!-- Generated by org.testng.reporters.JUnitReportReporter -->
<testsuite hostname="DESKTOP-1GGKMTQ" failures="0" tests="2" name="com.driver.Demo6" time="0.012" errors="0" timestamp="2022-12-29T18:04:28 IST" skipped="0">
  <testcase classname="com.driver.Demo6" name="useData" time="0.002"/>
  <system-out/>
  <testcase classname="com.driver.Demo6" name="generateData" time="0.010"/>
  <system-out/>
</testsuite> <!-- com.driver.Demo6 -->
