<?xml version="1.0" encoding="UTF-8"?>
<!-- Generated by org.testng.reporters.JUnitReportReporter -->
<testsuite hostname="DESKTOP-1GGKMTQ" failures="0" tests="3" name="com.testngtest.Reporting" time="0.020" errors="0" timestamp="2022-12-29T19:44:12 IST" skipped="0">
  <testcase classname="com.testngtest.Reporting" name="test3" time="0.003"/>
  <system-out>
    <![CDATA[Entered Username
Entered Password
Clicked on Login Button
Validted message]]>
  </system-out>
  <testcase classname="com.testngtest.Reporting" name="test2" time="0.001"/>
  <system-out>
    <![CDATA[Asserted value as True and validated successfully]]>
  </system-out>
  <testcase classname="com.testngtest.Reporting" name="test1" time="0.016"/>
  <system-out>
    <![CDATA[Initialized Driver as Chrome
Asserted value as True]]>
  </system-out>
</testsuite> <!-- com.testngtest.Reporting -->
