<?xml version="1.0" encoding="UTF-8"?>
<!-- Generated by org.testng.reporters.JUnitReportReporter -->
<testsuite hostname="DESKTOP-1GGKMTQ" failures="0" tests="3" name="com.testngtest.ParallelExec" time="0.030" errors="0" timestamp="2023-01-05T09:56:33 IST" skipped="0">
  <testcase classname="com.testngtest.ParallelExec" name="test3" time="0.002"/>
  <system-out/>
  <testcase classname="com.testngtest.ParallelExec" name="test2" time="0.014"/>
  <system-out/>
  <testcase classname="com.testngtest.ParallelExec" name="test1" time="0.014"/>
  <system-out/>
</testsuite> <!-- com.testngtest.ParallelExec -->
