<?xml version="1.0" encoding="UTF-8"?>
<!-- Generated by org.testng.reporters.JUnitReportReporter -->
<testsuite hostname="DESKTOP-1GGKMTQ" failures="0" tests="3" name="com.driver.DataProv2" time="0.017" errors="0" timestamp="2022-12-23T19:13:45 IST" skipped="0">
  <testcase classname="com.driver.DataProv2" name="test123" time="0.002"/>
  <system-out/>
  <testcase classname="com.driver.DataProv2" name="test123" time="0.012"/>
  <system-out/>
  <testcase classname="com.driver.DataProv2" name="test123" time="0.003"/>
  <system-out/>
</testsuite> <!-- com.driver.DataProv2 -->
