<?xml version="1.0" encoding="UTF-8"?>
<!-- Generated by org.testng.reporters.JUnitReportReporter -->
<testsuite hostname="DESKTOP-1GGKMTQ" failures="0" tests="2" name="testdemos.Parallel" time="15.399" errors="0" timestamp="2023-01-04T00:42:32 IST" skipped="0">
  <testcase classname="testdemos.Parallel" name="test1" time="6.823"/>
  <system-out/>
  <testcase classname="testdemos.Parallel" name="test1" time="8.576"/>
  <system-out/>
</testsuite> <!-- testdemos.Parallel -->
