<?xml version="1.0" encoding="UTF-8"?>
<!-- Generated by org.testng.reporters.JUnitReportReporter -->
<testsuite hostname="DESKTOP-1GGKMTQ" failures="0" tests="1" name="com.testngtest.EETest" time="22.363" errors="0" timestamp="2023-01-02T12:45:46 IST" skipped="0">
  <testcase classname="com.testngtest.EETest" name="acceptCookies" time="22.363"/>
  <system-out/>
</testsuite> <!-- com.testngtest.EETest -->
