<?xml version="1.0" encoding="UTF-8"?>
<!-- Generated by org.testng.reporters.JUnitReportReporter -->
<testsuite hostname="DESKTOP-1GGKMTQ" failures="0" tests="2" name="listeners.Para" time="16.792" errors="0" timestamp="2023-01-04T00:17:32 IST" skipped="0">
  <testcase classname="listeners.Para" name="test1" time="7.700"/>
  <system-out/>
  <testcase classname="listeners.Para" name="test2" time="9.092"/>
  <system-out/>
</testsuite> <!-- listeners.Para -->
