<?xml version="1.0" encoding="UTF-8"?>
<!-- Generated by org.testng.reporters.JUnitReportReporter -->
<testsuite hostname="DESKTOP-1GGKMTQ" failures="0" tests="2" name="com.testngtest.ITestCont" time="0.010" errors="0" timestamp="2022-12-29T18:49:12 IST" skipped="0">
  <testcase classname="com.testngtest.ITestCont" name="laptopName" time="0.009"/>
  <system-out/>
  <testcase classname="com.testngtest.ITestCont" name="LaptopModels" time="0.001"/>
  <system-out/>
</testsuite> <!-- com.testngtest.ITestCont -->
