<?xml version="1.0" encoding="UTF-8"?>
<!-- Generated by org.testng.reporters.JUnitReportReporter -->
<testsuite hostname="DESKTOP-1GGKMTQ" failures="0" tests="1" name="com.testngtest.Parameter" time="0.017" errors="0" timestamp="2022-12-22T09:59:19 IST" skipped="0">
  <testcase classname="com.testngtest.Parameter" name="firstName" time="0.017"/>
  <system-out/>
</testsuite> <!-- com.testngtest.Parameter -->
