<?xml version="1.0" encoding="UTF-8"?>
<!-- Generated by org.testng.reporters.JUnitReportReporter -->
<testsuite hostname="DESKTOP-1GGKMTQ" failures="0" tests="4" name="com.testngtest.Priority" time="0.024" errors="0" timestamp="2022-12-22T09:14:38 IST" skipped="0">
  <testcase classname="com.testngtest.Priority" name="test3" time="0.017"/>
  <system-out/>
  <testcase classname="com.testngtest.Priority" name="test4" time="0.003"/>
  <system-out/>
  <testcase classname="com.testngtest.Priority" name="test2" time="0.002"/>
  <system-out/>
  <testcase classname="com.testngtest.Priority" name="test1" time="0.002"/>
  <system-out/>
</testsuite> <!-- com.testngtest.Priority -->
