<?xml version="1.0" encoding="UTF-8"?>
<!-- Generated by org.testng.reporters.JUnitReportReporter -->
<testsuite hostname="DESKTOP-1GGKMTQ" failures="0" tests="3" name="com.testngtest.DataDriver" time="0.022" errors="0" timestamp="2022-12-23T19:02:05 IST" skipped="0">
  <testcase classname="com.testngtest.DataDriver" name="test1" time="0.004"/>
  <system-out/>
  <testcase classname="com.testngtest.DataDriver" name="test1" time="0.014"/>
  <system-out/>
  <testcase classname="com.testngtest.DataDriver" name="test1" time="0.004"/>
  <system-out/>
</testsuite> <!-- com.testngtest.DataDriver -->
