<?xml version="1.0" encoding="UTF-8"?>
<!-- Generated by org.testng.reporters.JUnitReportReporter -->
<testsuite hostname="DESKTOP-1GGKMTQ" failures="0" tests="2" name="com.driver.Demos5" time="0.020" errors="0" timestamp="2022-12-23T12:25:54 IST" skipped="0">
  <testcase classname="com.driver.Demos5" name="test2" time="0.017"/>
  <system-out/>
  <testcase classname="com.driver.Demos5" name="test3" time="0.003"/>
  <system-out/>
</testsuite> <!-- com.driver.Demos5 -->
