<?xml version="1.0" encoding="UTF-8"?>
<!-- Generated by org.testng.reporters.JUnitReportReporter -->
<testsuite hostname="DESKTOP-1GGKMTQ" failures="0" tests="2" name="com.testngtest.Annotations" time="0.021" errors="0" timestamp="2022-12-22T10:08:02 IST" skipped="0">
  <testcase classname="com.testngtest.Annotations" name="aastcase2" time="0.015"/>
  <system-out/>
  <testcase classname="com.testngtest.Annotations" name="aestcase1" time="0.006"/>
  <system-out/>
</testsuite> <!-- com.testngtest.Annotations -->
