<?xml version="1.0" encoding="UTF-8"?>
<!-- Generated by org.testng.reporters.JUnitReportReporter -->
<testsuite hostname="DESKTOP-1GGKMTQ" failures="0" tests="2" name="com.testngtest.Grouping" time="0.026" errors="0" timestamp="2022-12-28T19:32:15 IST" skipped="0">
  <testcase classname="com.testngtest.Grouping" name="test1" time="0.022"/>
  <system-out/>
  <testcase classname="com.testngtest.Grouping" name="test3" time="0.004"/>
  <system-out/>
</testsuite> <!-- com.testngtest.Grouping -->
