<?xml version="1.0" encoding="UTF-8"?>
<!-- Generated by org.testng.reporters.JUnitReportReporter -->
<testsuite hostname="DESKTOP-1GGKMTQ" failures="0" tests="2" name="com.testngtest.CrossBrowser" time="11.491" errors="0" timestamp="2023-01-05T10:22:53 IST" skipped="0">
  <testcase classname="com.testngtest.CrossBrowser" name="test1" time="5.706"/>
  <system-out/>
  <testcase classname="com.testngtest.CrossBrowser" name="test1" time="5.785"/>
  <system-out/>
</testsuite> <!-- com.testngtest.CrossBrowser -->
